<?xml version="1.0" encoding="UTF-8"?>
<!-- Generated by org.testng.reporters.JUnitReportReporter -->
<testsuite hostname="Priyank-PC" failures="0" tests="4" name="Runner.testRunner" time="0.126" errors="0" timestamp="2022-05-28T12:45:51 IST" skipped="0">
  <testcase classname="Runner.testRunner" name="runScenario" time="0.005"/>
  <system-out/>
  <testcase classname="Runner.testRunner" name="runScenario" time="0.006"/>
  <system-out/>
  <testcase classname="Runner.testRunner" name="runScenario" time="0.109"/>
  <system-out/>
  <testcase classname="Runner.testRunner" name="runScenario" time="0.006"/>
  <system-out/>
</testsuite> <!-- Runner.testRunner -->
